<?xml version="1.0" encoding="UTF-8"?>
<!-- Generated by org.testng.reporters.JUnitXMLReporter -->
<testsuite ignored="0" hostname="Rohit" failures="2" tests="2" name="Test" time="20.929" errors="0" timestamp="2021-10-30T19:24:40 IST">
  <testcase classname="tests.Dashboardtests" name="validSearchTest" time="3.936">
    <failure type="java.lang.AssertionError" message="expected [true] but found [false]">
      <![CDATA[java.lang.AssertionError: expected [true] but found [false]
at pageObjects.Dashboard.checkSearchWithValidValue(Dashboard.java:114)
at tests.Dashboardtests.validSearchTest(Dashboardtests.java:19)
at java.base/java.util.concurrent.ThreadPoolExecutor.runWorker(ThreadPoolExecutor.java:1136)
at java.base/java.util.concurrent.ThreadPoolExecutor$Worker.run(ThreadPoolExecutor.java:635)
at java.base/java.lang.Thread.run(Thread.java:833)
... Removed 16 stack frames]]>
    </failure>
  </testcase> <!-- validSearchTest -->
  <testcase classname="tests.Dashboardtests" name="validSearchTest2" time="4.025">
    <failure type="java.lang.AssertionError" message="expected [true] but found [false]">
      <![CDATA[java.lang.AssertionError: expected [true] but found [false]
at pageObjects.Dashboard.checkSearchWithValidValue(Dashboard.java:114)
at tests.Dashboardtests.validSearchTest2(Dashboardtests.java:26)
at java.base/java.util.concurrent.ThreadPoolExecutor.runWorker(ThreadPoolExecutor.java:1136)
at java.base/java.util.concurrent.ThreadPoolExecutor$Worker.run(ThreadPoolExecutor.java:635)
at java.base/java.lang.Thread.run(Thread.java:833)
... Removed 16 stack frames]]>
    </failure>
  </testcase> <!-- validSearchTest2 -->
</testsuite> <!-- Test -->
