<?xml version="1.0" encoding="UTF-8"?>
<!-- Generated by org.testng.reporters.JUnitXMLReporter -->
<testsuite ignored="3" hostname="Rohit" failures="0" tests="4" name="Test" time="46.193" errors="0" timestamp="2021-11-09T09:24:12 IST">
  <testcase classname="tests.DashboardTest1" name="validSearchTest1" time="2.338"/>
  <testcase classname="tests.DashboardTest1" name="validSearchTest" time="2.749"/>
  <testcase classname="tests.DashboardTest2" name="validSearchTest" time="2.091"/>
  <testcase classname="tests.DashboardTest2" name="validSearchTest1" time="2.259"/>
  <testcase classname="tests.Basetest" name="@BeforeSuite initial" time="0.0">
    <ignored/>
  </testcase> <!-- @BeforeSuite initial -->
  <testcase classname="tests.Basetest" name="@AfterSuite cleanUp" time="0.0">
    <ignored/>
  </testcase> <!-- @AfterSuite cleanUp -->
  <testcase classname="tests.Basetest" name="@BeforeTest setupConfig" time="0.0">
    <ignored/>
  </testcase> <!-- @BeforeTest setupConfig -->
</testsuite> <!-- Test -->
