<?xml version="1.0" encoding="UTF-8"?>
<testng-results ignored="0" total="1" passed="1"
	failed="0" skipped="0">
	<reporter-output>
	</reporter-output>
	<suite started-at="2021-10-27T09:12:47 IST" name="Suite"
		finished-at="2021-10-27T09:12:52 IST" duration-ms="5217">
		<groups>
		</groups>
		<test started-at="2021-10-27T09:12:47 IST" name="Test"
			finished-at="2021-10-27T09:12:52 IST" duration-ms="5217">
			<class name="tests.Dashboardtests">
				<test-method is-config="true"
					signature="initialize()[pri:0, instance:tests.Dashboardtests@6a78afa0]"
					started-at="2021-10-27T09:12:47 IST" name="initialize"
					finished-at="2021-10-27T09:12:47 IST" duration-ms="16"
					status="PASS">
					<reporter-output>
					</reporter-output>
				</test-method> <!-- initialize -->
				<test-method
					signature="runSearchTest()[pri:0, instance:tests.Dashboardtests@6a78afa0]"
					started-at="2021-10-27T09:12:47 IST" name="runSearchTest"
					finished-at="2021-10-27T09:12:52 IST" duration-ms="5181"
					status="PASS">
					<reporter-output>
					</reporter-output>
				</test-method> <!-- runSearchTest -->
			</class> <!-- tests.Dashboardtests -->
		</test> <!-- Test -->
	</suite> <!-- Suite -->
</testng-results>
