<?xml version="1.0" encoding="UTF-8"?>
<testng-results ignored="0" total="1" passed="0" failed="1" skipped="0">
  <reporter-output>
  </reporter-output>
  <suite started-at="2021-10-19T22:33:01 IST" name="Suite" finished-at="2021-10-19T22:34:36 IST" duration-ms="95387">
    <groups>
    </groups>
    <test started-at="2021-10-19T22:33:01 IST" name="Test" finished-at="2021-10-19T22:34:36 IST" duration-ms="95387">
      <class name="tests.Dashboardtests">
        <test-method is-config="true" signature="initialize()[pri:0, instance:tests.Dashboardtests@45ca843]" started-at="2021-10-19T22:33:01 IST" name="initialize" finished-at="2021-10-19T22:33:34 IST" duration-ms="32867" status="PASS">
          <reporter-output>
          </reporter-output>
        </test-method> <!-- initialize -->
        <test-method signature="runSearchTest()[pri:0, instance:tests.Dashboardtests@45ca843]" started-at="2021-10-19T22:33:39 IST" name="runSearchTest" finished-at="2021-10-19T22:34:02 IST" duration-ms="23572" status="FAIL">
          <exception class="java.lang.NullPointerException">
            <message>
              <![CDATA[Cannot invoke "String.split(String)" because the return value of "pageObjects.baseClass.getPageObjectValue(String)" is null]]>
            </message>
            <full-stacktrace>
              <![CDATA[java.lang.NullPointerException: Cannot invoke "String.split(String)" because the return value of "pageObjects.baseClass.getPageObjectValue(String)" is null
at pageObjects.baseClass.returnBy(baseClass.java:73)
at pageObjects.baseClass.returnElement(baseClass.java:81)
at pageObjects.Dashboard.searchField(Dashboard.java:9)
at pageObjects.Dashboard.checkSearchWithValidValue(Dashboard.java:17)
at tests.Dashboardtests.runSearchTest(Dashboardtests.java:22)
at java.base/jdk.internal.reflect.NativeMethodAccessorImpl.invoke0(Native Method)
at java.base/jdk.internal.reflect.NativeMethodAccessorImpl.invoke(NativeMethodAccessorImpl.java:78)
at java.base/jdk.internal.reflect.DelegatingMethodAccessorImpl.invoke(DelegatingMethodAccessorImpl.java:43)
at java.base/java.lang.reflect.Method.invoke(Method.java:567)
at org.testng.internal.MethodInvocationHelper.invokeMethod(MethodInvocationHelper.java:133)
at org.testng.internal.TestInvoker.invokeMethod(TestInvoker.java:598)
at org.testng.internal.TestInvoker.invokeTestMethod(TestInvoker.java:173)
at org.testng.internal.MethodRunner.runInSequence(MethodRunner.java:46)
at org.testng.internal.TestInvoker$MethodInvocationAgent.invoke(TestInvoker.java:824)
at org.testng.internal.TestInvoker.invokeTestMethods(TestInvoker.java:146)
at org.testng.internal.TestMethodWorker.invokeTestMethods(TestMethodWorker.java:146)
at org.testng.internal.TestMethodWorker.run(TestMethodWorker.java:128)
at java.base/java.util.ArrayList.forEach(ArrayList.java:1511)
at org.testng.TestRunner.privateRun(TestRunner.java:794)
at org.testng.TestRunner.run(TestRunner.java:596)
at org.testng.SuiteRunner.runTest(SuiteRunner.java:377)
at org.testng.SuiteRunner.runSequentially(SuiteRunner.java:371)
at org.testng.SuiteRunner.privateRun(SuiteRunner.java:332)
at org.testng.SuiteRunner.run(SuiteRunner.java:276)
at org.testng.SuiteRunnerWorker.runSuite(SuiteRunnerWorker.java:53)
at org.testng.SuiteRunnerWorker.run(SuiteRunnerWorker.java:96)
at org.testng.TestNG.runSuitesSequentially(TestNG.java:1212)
at org.testng.TestNG.runSuitesLocally(TestNG.java:1134)
at org.testng.TestNG.runSuites(TestNG.java:1063)
at org.testng.TestNG.run(TestNG.java:1031)
at org.testng.remote.AbstractRemoteTestNG.run(AbstractRemoteTestNG.java:115)
at org.testng.remote.RemoteTestNG.initAndRun(RemoteTestNG.java:251)
at org.testng.remote.RemoteTestNG.main(RemoteTestNG.java:77)
]]>
            </full-stacktrace>
          </exception> <!-- java.lang.NullPointerException -->
          <reporter-output>
          </reporter-output>
        </test-method> <!-- runSearchTest -->
      </class> <!-- tests.Dashboardtests -->
    </test> <!-- Test -->
  </suite> <!-- Suite -->
</testng-results>
